::1 - - [12/Oct/2025 12:22:15] "GET / HTTP/1.1" 200 -
::1 - - [12/Oct/2025 12:22:15] "GET /styles.css HTTP/1.1" 200 -
::1 - - [12/Oct/2025 12:22:15] "GET /assets/images/professional-banner.jpeg HTTP/1.1" 200 -
::1 - - [12/Oct/2025 12:22:15] "GET /contact-form.js HTTP/1.1" 200 -
::1 - - [12/Oct/2025 12:22:15] "GET /assets/images/ryan-lingo-headshot.jpg HTTP/1.1" 200 -
::1 - - [12/Oct/2025 12:22:15] code 404, message File not found
::1 - - [12/Oct/2025 12:22:15] "GET /favicon.ico HTTP/1.1" 404 -
::1 - - [12/Oct/2025 12:22:18] "GET /orbits/index.html HTTP/1.1" 200 -
::1 - - [12/Oct/2025 12:22:18] "GET /orbits/LEO_shell.czml HTTP/1.1" 200 -
::1 - - [12/Oct/2025 12:22:18] "GET /orbits/GEO_shell.czml HTTP/1.1" 200 -
::1 - - [12/Oct/2025 12:22:18] "GET /orbits/MEO_shell.czml HTTP/1.1" 200 -
::1 - - [12/Oct/2025 12:22:56] "GET /orbits/index.html HTTP/1.1" 200 -
::1 - - [12/Oct/2025 12:23:14] "GET /index.html HTTP/1.1" 200 -
::1 - - [12/Oct/2025 12:23:15] "GET /orbits/index.html HTTP/1.1" 304 -
::1 - - [12/Oct/2025 12:23:34] code 404, message File not found
::1 - - [12/Oct/2025 12:23:34] "GET /.well-known/appspecific/com.chrome.devtools.json HTTP/1.1" 404 -
::1 - - [12/Oct/2025 12:24:40] "GET /index.html HTTP/1.1" 200 -
::1 - - [12/Oct/2025 12:24:40] "GET /styles.css HTTP/1.1" 304 -
::1 - - [12/Oct/2025 12:24:40] code 404, message File not found
::1 - - [12/Oct/2025 12:24:40] "GET /.well-known/appspecific/com.chrome.devtools.json HTTP/1.1" 404 -
::1 - - [12/Oct/2025 12:24:43] "GET /orbits/index.html HTTP/1.1" 304 -
::1 - - [12/Oct/2025 12:25:59] "GET /index.html HTTP/1.1" 304 -
::1 - - [12/Oct/2025 12:25:59] code 404, message File not found
::1 - - [12/Oct/2025 12:25:59] "GET /.well-known/appspecific/com.chrome.devtools.json HTTP/1.1" 404 -
::1 - - [12/Oct/2025 12:26:01] "GET /orbits/index.html HTTP/1.1" 200 -
::1 - - [12/Oct/2025 12:26:37] "GET /index.html HTTP/1.1" 304 -
::1 - - [12/Oct/2025 12:26:37] code 404, message File not found
::1 - - [12/Oct/2025 12:26:37] "GET /.well-known/appspecific/com.chrome.devtools.json HTTP/1.1" 404 -
::1 - - [12/Oct/2025 12:26:37] "GET /orbits/index.html HTTP/1.1" 304 -
::1 - - [12/Oct/2025 12:28:03] "GET /index.html HTTP/1.1" 304 -
::1 - - [12/Oct/2025 12:28:03] code 404, message File not found
::1 - - [12/Oct/2025 12:28:03] "GET /.well-known/appspecific/com.chrome.devtools.json HTTP/1.1" 404 -
::1 - - [12/Oct/2025 12:28:03] "GET /styles.css HTTP/1.1" 304 -
::1 - - [12/Oct/2025 12:28:03] "GET /orbits/index.html HTTP/1.1" 304 -
::1 - - [12/Oct/2025 12:30:24] "GET /index.html HTTP/1.1" 304 -
::1 - - [12/Oct/2025 12:30:24] "GET /styles.css HTTP/1.1" 304 -
::1 - - [12/Oct/2025 12:30:24] code 404, message File not found
::1 - - [12/Oct/2025 12:30:24] "GET /.well-known/appspecific/com.chrome.devtools.json HTTP/1.1" 404 -
::1 - - [12/Oct/2025 12:30:24] "GET /orbits/index.html HTTP/1.1" 304 -
::1 - - [12/Oct/2025 12:32:10] "GET /index.html HTTP/1.1" 304 -
::1 - - [12/Oct/2025 12:32:10] code 404, message File not found
::1 - - [12/Oct/2025 12:32:10] "GET /.well-known/appspecific/com.chrome.devtools.json HTTP/1.1" 404 -
::1 - - [12/Oct/2025 12:32:10] "GET /orbits/index.html HTTP/1.1" 304 -
::1 - - [12/Oct/2025 12:33:08] "GET /index.html HTTP/1.1" 304 -
::1 - - [12/Oct/2025 12:33:08] code 404, message File not found
::1 - - [12/Oct/2025 12:33:08] "GET /.well-known/appspecific/com.chrome.devtools.json HTTP/1.1" 404 -
::1 - - [12/Oct/2025 12:33:08] "GET /styles.css HTTP/1.1" 304 -
::1 - - [12/Oct/2025 12:33:08] "GET /orbits/index.html HTTP/1.1" 200 -
::1 - - [12/Oct/2025 12:33:34] "GET /index.html HTTP/1.1" 304 -
::1 - - [12/Oct/2025 12:33:34] code 404, message File not found
::1 - - [12/Oct/2025 12:33:34] "GET /.well-known/appspecific/com.chrome.devtools.json HTTP/1.1" 404 -
::1 - - [12/Oct/2025 12:33:34] "GET /orbits/index.html HTTP/1.1" 304 -
::1 - - [12/Oct/2025 12:36:08] "GET /index.html HTTP/1.1" 304 -
::1 - - [12/Oct/2025 12:36:08] "GET /styles.css HTTP/1.1" 304 -
::1 - - [12/Oct/2025 12:36:08] "GET /orbits/index.html HTTP/1.1" 304 -
::1 - - [12/Oct/2025 12:36:08] code 404, message File not found
::1 - - [12/Oct/2025 12:36:08] "GET /.well-known/appspecific/com.chrome.devtools.json HTTP/1.1" 404 -
